Error: bind EADDRINUSE null:3000
    at listenOnMasterHandle (net.js:1387:18)
    at shared (internal/cluster/child.js:132:3)
    at Worker.<anonymous> (internal/cluster/child.js:103:7)
    at process.onInternalMessage (internal/cluster/utils.js:48:5)
    at process.emit (events.js:387:35)
    at emit (internal/child_process.js:910:12)
    at processTicksAndRejections (internal/process/task_queues.js:83:21)
Error: bind EADDRINUSE null:3000
    at listenOnMasterHandle (net.js:1387:18)
    at shared (internal/cluster/child.js:132:3)
    at Worker.<anonymous> (internal/cluster/child.js:103:7)
    at process.onInternalMessage (internal/cluster/utils.js:48:5)
    at process.emit (events.js:387:35)
    at emit (internal/child_process.js:910:12)
    at processTicksAndRejections (internal/process/task_queues.js:83:21)
Error: bind EADDRINUSE null:3000
    at listenOnMasterHandle (net.js:1387:18)
    at shared (internal/cluster/child.js:132:3)
    at Worker.<anonymous> (internal/cluster/child.js:103:7)
    at process.onInternalMessage (internal/cluster/utils.js:48:5)
    at process.emit (events.js:387:35)
    at emit (internal/child_process.js:910:12)
    at processTicksAndRejections (internal/process/task_queues.js:83:21)
Error: bind EADDRINUSE null:3000
    at listenOnMasterHandle (net.js:1387:18)
    at shared (internal/cluster/child.js:132:3)
    at Worker.<anonymous> (internal/cluster/child.js:103:7)
    at process.onInternalMessage (internal/cluster/utils.js:48:5)
    at process.emit (events.js:387:35)
    at emit (internal/child_process.js:910:12)
    at processTicksAndRejections (internal/process/task_queues.js:83:21)
Error: bind EADDRINUSE null:3000
    at listenOnMasterHandle (net.js:1387:18)
    at shared (internal/cluster/child.js:132:3)
    at Worker.<anonymous> (internal/cluster/child.js:103:7)
    at process.onInternalMessage (internal/cluster/utils.js:48:5)
    at process.emit (events.js:387:35)
    at emit (internal/child_process.js:910:12)
    at processTicksAndRejections (internal/process/task_queues.js:83:21)
Error: bind EADDRINUSE null:3000
    at listenOnMasterHandle (net.js:1387:18)
    at shared (internal/cluster/child.js:132:3)
    at Worker.<anonymous> (internal/cluster/child.js:103:7)
    at process.onInternalMessage (internal/cluster/utils.js:48:5)
    at process.emit (events.js:387:35)
    at emit (internal/child_process.js:910:12)
    at processTicksAndRejections (internal/process/task_queues.js:83:21)
Error: bind EADDRINUSE null:3000
    at listenOnMasterHandle (net.js:1387:18)
    at shared (internal/cluster/child.js:132:3)
    at Worker.<anonymous> (internal/cluster/child.js:103:7)
    at process.onInternalMessage (internal/cluster/utils.js:48:5)
    at process.emit (events.js:387:35)
    at emit (internal/child_process.js:910:12)
    at processTicksAndRejections (internal/process/task_queues.js:83:21)
Error: bind EADDRINUSE null:3000
    at listenOnMasterHandle (net.js:1387:18)
    at shared (internal/cluster/child.js:132:3)
    at Worker.<anonymous> (internal/cluster/child.js:103:7)
    at process.onInternalMessage (internal/cluster/utils.js:48:5)
    at process.emit (events.js:387:35)
    at emit (internal/child_process.js:910:12)
    at processTicksAndRejections (internal/process/task_queues.js:83:21)
Error: bind EADDRINUSE null:3000
    at listenOnMasterHandle (net.js:1387:18)
    at shared (internal/cluster/child.js:132:3)
    at Worker.<anonymous> (internal/cluster/child.js:103:7)
    at process.onInternalMessage (internal/cluster/utils.js:48:5)
    at process.emit (events.js:387:35)
    at emit (internal/child_process.js:910:12)
    at processTicksAndRejections (internal/process/task_queues.js:83:21)
